<?xml version="1.0" encoding="UTF-8"?>
<!-- Generated by org.testng.reporters.JUnitXMLReporter -->
<testsuite ignored="0" hostname="riyazs-mbp.lan" failures="0" tests="5" name="Default test" time="64.232" errors="0" timestamp="2023-03-06T09:50:56 PST">
  <testcase classname="pageobjectmodel.LoginTest" name="forGotpassword" time="13.563"/>
  <testcase classname="pageobjectmodel.LoginTest" name="remeberMe" time="22.852"/>
  <testcase classname="pageobjectmodel.LoginTest" name="validateErrorLogin" time="4.381"/>
  <testcase classname="pageobjectmodel.LoginTest" name="error_login" time="8.392"/>
  <testcase classname="pageobjectmodel.LoginTest" name="loginTest" time="9.788"/>
</testsuite> <!-- Default test -->
